
> react-kavia@0.1.0 start
> react-scripts start

(node:1081) [DEP_WEBPACK_DEV_SERVER_ON_AFTER_SETUP_MIDDLEWARE] DeprecationWarning: 'onAfterSetupMiddleware' option is deprecated. Please use the 'setupMiddlewares' option.
(Use `node --trace-deprecation ...` to show where the warning was created)
(node:1081) [DEP_WEBPACK_DEV_SERVER_ON_BEFORE_SETUP_MIDDLEWARE] DeprecationWarning: 'onBeforeSetupMiddleware' option is deprecated. Please use the 'setupMiddlewares' option.
Starting the development server...

Compiled with warnings.

[eslint] 
src/TetraMaster.js
  Line 212:6:  React Hook useCallback has a missing dependency: 'lockPiece'. Either include it or remove the dependency array  react-hooks/exhaustive-deps

Search for the keywords to learn more about each warning.
To ignore, add // eslint-disable-next-line to the line before.

WARNING in [eslint] 
src/TetraMaster.js
  Line 212:6:  React Hook useCallback has a missing dependency: 'lockPiece'. Either include it or remove the dependency array  react-hooks/exhaustive-deps

webpack compiled with 1 warning
Compiling...
Compiled with warnings.

[eslint] 
src/TetraMaster.js
  Line 212:6:  React Hook useCallback has a missing dependency: 'lockPiece'. Either include it or remove the dependency array  react-hooks/exhaustive-deps

Search for the keywords to learn more about each warning.
To ignore, add // eslint-disable-next-line to the line before.

WARNING in [eslint] 
src/TetraMaster.js
  Line 212:6:  React Hook useCallback has a missing dependency: 'lockPiece'. Either include it or remove the dependency array  react-hooks/exhaustive-deps

webpack compiled with 1 warning
Compiling...
Compiled with warnings.

[eslint] 
src/TetraMaster.js
  Line 212:6:  React Hook useCallback has a missing dependency: 'lockPiece'. Either include it or remove the dependency array  react-hooks/exhaustive-deps

Search for the keywords to learn more about each warning.
To ignore, add // eslint-disable-next-line to the line before.

WARNING in [eslint] 
src/TetraMaster.js
  Line 212:6:  React Hook useCallback has a missing dependency: 'lockPiece'. Either include it or remove the dependency array  react-hooks/exhaustive-deps

webpack compiled with 1 warning
Compiling...
Failed to compile.

[eslint] 
src/TetraMaster.js
  Line 378:19:  'COLORS' is not defined  no-undef
  Line 397:19:  'COLORS' is not defined  no-undef
  Line 398:28:  'COLORS' is not defined  no-undef
  Line 399:36:  'COLORS' is not defined  no-undef
  Line 408:19:  'COLORS' is not defined  no-undef
  Line 410:14:  'COLORS' is not defined  no-undef
  Line 420:19:  'COLORS' is not defined  no-undef
  Line 445:19:  'COLORS' is not defined  no-undef
  Line 446:14:  'COLORS' is not defined  no-undef
  Line 469:34:  'COLORS' is not defined  no-undef
  Line 471:31:  'COLORS' is not defined  no-undef
  Line 472:31:  'COLORS' is not defined  no-undef
  Line 492:23:  'COLORS' is not defined  no-undef
  Line 492:49:  'COLORS' is not defined  no-undef
  Line 494:49:  'COLORS' is not defined  no-undef
  Line 528:27:  'COLORS' is not defined  no-undef
  Line 528:53:  'COLORS' is not defined  no-undef
  Line 530:53:  'COLORS' is not defined  no-undef
  Line 564:18:  'COLORS' is not defined  no-undef
  Line 588:40:  'COLORS' is not defined  no-undef
  Line 591:24:  'COLORS' is not defined  no-undef
  Line 606:39:  'COLORS' is not defined  no-undef

Search for the keywords to learn more about each error.
WARNING in [eslint] 
src/TetraMaster.js
  Line 4:10:   'getPaletteFromCSSVars' is defined but never used                                                               no-unused-vars
  Line 221:6:  React Hook useCallback has a missing dependency: 'lockPiece'. Either include it or remove the dependency array  react-hooks/exhaustive-deps

ERROR in [eslint] 
src/TetraMaster.js
  Line 378:19:  'COLORS' is not defined  no-undef
  Line 397:19:  'COLORS' is not defined  no-undef
  Line 398:28:  'COLORS' is not defined  no-undef
  Line 399:36:  'COLORS' is not defined  no-undef
  Line 408:19:  'COLORS' is not defined  no-undef
  Line 410:14:  'COLORS' is not defined  no-undef
  Line 420:19:  'COLORS' is not defined  no-undef
  Line 445:19:  'COLORS' is not defined  no-undef
  Line 446:14:  'COLORS' is not defined  no-undef
  Line 469:34:  'COLORS' is not defined  no-undef
  Line 471:31:  'COLORS' is not defined  no-undef
  Line 472:31:  'COLORS' is not defined  no-undef
  Line 492:23:  'COLORS' is not defined  no-undef
  Line 492:49:  'COLORS' is not defined  no-undef
  Line 494:49:  'COLORS' is not defined  no-undef
  Line 528:27:  'COLORS' is not defined  no-undef
  Line 528:53:  'COLORS' is not defined  no-undef
  Line 530:53:  'COLORS' is not defined  no-undef
  Line 564:18:  'COLORS' is not defined  no-undef
  Line 588:40:  'COLORS' is not defined  no-undef
  Line 591:24:  'COLORS' is not defined  no-undef
  Line 606:39:  'COLORS' is not defined  no-undef

Search for the keywords to learn more about each error.

webpack compiled with 1 error and 1 warning
